2015-04-21 11:06:50,424 p=26492 u=ksingh |   
2015-04-21 11:06:50,424 p=26492 u=ksingh |  /usr/local/bin/ansible-playbook generate_report.yml -i inventory_file --list-hosts
2015-04-21 11:06:50,424 p=26492 u=ksingh |   
2015-04-21 11:07:10,791 p=26496 u=ksingh |   
2015-04-21 11:07:10,791 p=26496 u=ksingh |  /usr/local/bin/ansible-playbook deploy_firmware_all_in_one.yml -i inventory_file --list-hosts
2015-04-21 11:07:10,791 p=26496 u=ksingh |   
2015-04-21 14:24:42,094 p=29243 u=ksingh |   
2015-04-21 14:24:42,095 p=29243 u=ksingh |  /usr/local/bin/ansible-playbook -i inventory_file setup.yml --list-hosts
2015-04-21 14:24:42,095 p=29243 u=ksingh |   
2015-04-21 14:24:42,109 p=29243 u=ksingh |  ERROR: Syntax Error while loading YAML script, setup.yml
Note: The error may actually appear before this position: line 29, column 32

   - name: Adding node to HPSUM
     shell: {{ baseline_path }}/hpsum add --nodes {{ item }} user={{ user }} password={{ password }} type=Linux;sleep 60
                               ^
We could be wrong, but this one looks like it might be an issue with
missing quotes.  Always quote template expression brackets when they
start a value. For instance:

    with_items:
      - {{ foo }}

Should be written as:

    with_items:
      - "{{ foo }}"


2015-04-21 14:27:29,616 p=29268 u=ksingh |   
2015-04-21 14:27:29,616 p=29268 u=ksingh |  /usr/local/bin/ansible-playbook -i inventory_file setup.yml --list-hosts
2015-04-21 14:27:29,616 p=29268 u=ksingh |   
2015-04-21 14:27:29,629 p=29268 u=ksingh |  ERROR: Syntax Error while loading YAML script, setup.yml
Note: The error may actually appear before this position: line 29, column 32

   - name: Adding node to HPSUM
     shell: {{ baseline_path }}/hpsum add --nodes {{ item }} user={{ user }} password={{ password }} type=Linux;sleep 60
                               ^
We could be wrong, but this one looks like it might be an issue with
missing quotes.  Always quote template expression brackets when they
start a value. For instance:

    with_items:
      - {{ foo }}

Should be written as:

    with_items:
      - "{{ foo }}"


2015-04-21 14:27:50,582 p=29272 u=ksingh |   
2015-04-21 14:27:50,582 p=29272 u=ksingh |  /usr/local/bin/ansible-playbook -i inventory_file setup.yml --list-hosts
2015-04-21 14:27:50,582 p=29272 u=ksingh |   
2015-04-21 14:27:50,594 p=29272 u=ksingh |  ERROR: Syntax Error while loading YAML script, setup.yml
Note: The error may actually appear before this position: line 28, column 32

   - name: Adding node to HPSUM
     shell: {{ baseline_path }}/hpsum add --nodes {{ item }} user={{ user }} password={{ password }} type=Linux;sleep 60
                               ^
We could be wrong, but this one looks like it might be an issue with
missing quotes.  Always quote template expression brackets when they
start a value. For instance:

    with_items:
      - {{ foo }}

Should be written as:

    with_items:
      - "{{ foo }}"


2015-04-21 14:28:19,549 p=29276 u=ksingh |   
2015-04-21 14:28:19,549 p=29276 u=ksingh |  /usr/local/bin/ansible-playbook -i inventory_file setup.yml --list-hosts
2015-04-21 14:28:19,549 p=29276 u=ksingh |   
2015-04-21 14:28:19,562 p=29276 u=ksingh |  ERROR: Syntax Error while loading YAML script, setup.yml
Note: The error may actually appear before this position: line 28, column 32

   - name: Adding node to HPSUM
     shell: {{ baseline_path }}/hpsum add --nodes {{ item }} user={{ user }} password={{ password }} type=Linux;sleep 60
                               ^
We could be wrong, but this one looks like it might be an issue with
missing quotes.  Always quote template expression brackets when they
start a value. For instance:

    with_items:
      - {{ foo }}

Should be written as:

    with_items:
      - "{{ foo }}"


2015-04-21 14:29:12,702 p=29285 u=ksingh |   
2015-04-21 14:29:12,702 p=29285 u=ksingh |  /usr/local/bin/ansible-playbook -i inventory_file setup.yml --list-hosts
2015-04-21 14:29:12,702 p=29285 u=ksingh |   
2015-04-21 14:29:12,821 p=29285 u=ksingh |  ERROR: Syntax Error while loading YAML script, /Users/ksingh/ansible/automated_HP_Firmware_upgradation/roles/reporting/tasks/main.yml
Note: The error may actually appear before this position: line 16, column 29

- name: Performing inventory for nodes
  shell: {{ baseline_path }}/hpsum -s report -target {{ item }} -targettype Linux -veryv username {{ user }} password {{ password }} --open_firewall;sleep 60 
                            ^
We could be wrong, but this one looks like it might be an issue with
missing quotes.  Always quote template expression brackets when they
start a value. For instance:

    with_items:
      - {{ foo }}

Should be written as:

    with_items:
      - "{{ foo }}"


2015-04-21 14:30:55,987 p=29898 u=ksingh |   
2015-04-21 14:30:55,988 p=29898 u=ksingh |  /usr/local/bin/ansible-playbook -i inventory_file setup.yml --list-hosts
2015-04-21 14:30:55,988 p=29898 u=ksingh |   
2015-04-21 14:30:56,001 p=29898 u=ksingh |  ERROR: Syntax Error while loading YAML script, setup.yml
Note: The error may actually appear before this position: line 28, column 32

   - name: Adding node to HPSUM
     shell: {{ baseline_path }}/hpsum add --nodes {{ item }} user={{ user }} password={{ password }} type=Linux;sleep 60
                               ^
We could be wrong, but this one looks like it might be an issue with
missing quotes.  Always quote template expression brackets when they
start a value. For instance:

    with_items:
      - {{ foo }}

Should be written as:

    with_items:
      - "{{ foo }}"


2015-04-21 14:32:05,910 p=29914 u=ksingh |   
2015-04-21 14:32:05,910 p=29914 u=ksingh |  /usr/local/bin/ansible-playbook setup.yml -i inventory_file --list-hosts
2015-04-21 14:32:05,910 p=29914 u=ksingh |   
2015-04-21 14:32:05,922 p=29914 u=ksingh |  ERROR: Syntax Error while loading YAML script, setup.yml
Note: The error may actually appear before this position: line 28, column 32

   - name: Adding node to HPSUM
     shell: {{ baseline_path }}/hpsum add --nodes {{ item }} user={{ user }} password={{ password }} type=Linux;sleep 60
                               ^
We could be wrong, but this one looks like it might be an issue with
missing quotes.  Always quote template expression brackets when they
start a value. For instance:

    with_items:
      - {{ foo }}

Should be written as:

    with_items:
      - "{{ foo }}"


2015-04-21 14:34:27,214 p=29939 u=ksingh |   
2015-04-21 14:34:27,214 p=29939 u=ksingh |  /usr/local/bin/ansible-playbook setup.yml -i inventory_file --list-hosts
2015-04-21 14:34:27,214 p=29939 u=ksingh |   
2015-04-21 14:34:27,227 p=29939 u=ksingh |  ERROR: Syntax Error while loading YAML script, setup.yml
Note: The error may actually appear before this position: line 28, column 33

   - name: Adding node to HPSUM
     shell: {{ path_to_hpsum }} add --nodes {{ item }} user={{ user }} password={{ password }} type=Linux;sleep 60
                                ^
We could be wrong, but this one looks like it might be an issue with
missing quotes.  Always quote template expression brackets when they
start a value. For instance:

    with_items:
      - {{ foo }}

Should be written as:

    with_items:
      - "{{ foo }}"


2015-04-21 14:35:28,549 p=29949 u=ksingh |   
2015-04-21 14:35:28,550 p=29949 u=ksingh |  /usr/local/bin/ansible-playbook setup.yml -i inventory_file --list-hosts
2015-04-21 14:35:28,550 p=29949 u=ksingh |   
2015-04-21 14:35:28,564 p=29949 u=ksingh |  ERROR: Syntax Error while loading YAML script, setup.yml
Note: The error may actually appear before this position: line 28, column 33

   - name: Adding node to HPSUM
     shell: {{ path_to_hpsum }} add --nodes {{ item }} user={{ user }} password={{ password }} type=Linux;sleep 60
                                ^
We could be wrong, but this one looks like it might be an issue with
missing quotes.  Always quote template expression brackets when they
start a value. For instance:

    with_items:
      - {{ foo }}

Should be written as:

    with_items:
      - "{{ foo }}"


2015-04-21 14:37:07,304 p=29964 u=ksingh |   
2015-04-21 14:37:07,305 p=29964 u=ksingh |  /usr/local/bin/ansible-playbook setup.yml -i inventory_file --list-hosts
2015-04-21 14:37:07,305 p=29964 u=ksingh |   
2015-04-21 14:37:07,319 p=29964 u=ksingh |  ERROR: Syntax Error while loading YAML script, setup.yml
Note: The error may actually appear before this position: line 28, column 33

   - name: Adding node to HPSUM
     shell: {{ path_to_hpsum }} add --nodes {{ item }} user={{ user }} password={{ password }} type=Linux;sleep 60
                                ^
We could be wrong, but this one looks like it might be an issue with
missing quotes.  Always quote template expression brackets when they
start a value. For instance:

    with_items:
      - {{ foo }}

Should be written as:

    with_items:
      - "{{ foo }}"


2015-04-21 14:39:24,091 p=29984 u=ksingh |   
2015-04-21 14:39:24,091 p=29984 u=ksingh |  /usr/local/bin/ansible-playbook setup.yml -i inventory_file --list-hosts
2015-04-21 14:39:24,091 p=29984 u=ksingh |   
2015-04-21 14:39:24,154 p=29984 u=ksingh |  ERROR: Syntax Error while loading YAML script, /Users/ksingh/ansible/automated_HP_Firmware_upgradation/roles/reporting/tasks/main.yml
Note: The error may actually appear before this position: line 16, column 29

- name: Performing inventory for nodes
  shell: {{ baseline_path }}/hpsum -s report -target {{ item }} -targettype Linux -veryv username {{ user }} password {{ password }} --open_firewall;sleep 60 
                            ^
We could be wrong, but this one looks like it might be an issue with
missing quotes.  Always quote template expression brackets when they
start a value. For instance:

    with_items:
      - {{ foo }}

Should be written as:

    with_items:
      - "{{ foo }}"


2015-04-21 14:39:57,674 p=29990 u=ksingh |   
2015-04-21 14:39:57,674 p=29990 u=ksingh |  /usr/local/bin/ansible-playbook setup.yml -i inventory_file --list-hosts
2015-04-21 14:39:57,675 p=29990 u=ksingh |   
2015-04-21 14:39:57,737 p=29990 u=ksingh |  ERROR: Syntax Error while loading YAML script, /Users/ksingh/ansible/automated_HP_Firmware_upgradation/roles/reporting/tasks/main.yml
Note: The error may actually appear before this position: line 16, column 31

- name: Performing inventory for nodes
  command: {{ baseline_path }}/hpsum -s report -target {{ item }} -targettype Linux -veryv username {{ user }} password {{ password }} --open_firewall;sleep 60 
                              ^
We could be wrong, but this one looks like it might be an issue with
missing quotes.  Always quote template expression brackets when they
start a value. For instance:

    with_items:
      - {{ foo }}

Should be written as:

    with_items:
      - "{{ foo }}"


2015-04-21 14:40:42,691 p=29999 u=ksingh |   
2015-04-21 14:40:42,691 p=29999 u=ksingh |  /usr/local/bin/ansible-playbook setup.yml -i inventory_file --list-hosts
2015-04-21 14:40:42,691 p=29999 u=ksingh |   
2015-04-21 14:41:45,857 p=30127 u=ksingh |   
2015-04-21 14:41:45,858 p=30127 u=ksingh |  /usr/local/bin/ansible-playbook setup.yml -i inventory_file --list-hosts
2015-04-21 14:41:45,858 p=30127 u=ksingh |   
2015-04-21 14:42:21,098 p=30133 u=ksingh |   
2015-04-21 14:42:21,098 p=30133 u=ksingh |  /usr/local/bin/ansible-playbook setup.yml -i inventory_file --list-hosts
2015-04-21 14:42:21,098 p=30133 u=ksingh |   
2015-04-21 14:43:02,979 p=30139 u=ksingh |   
2015-04-21 14:43:02,979 p=30139 u=ksingh |  /usr/local/bin/ansible-playbook setup.yml -i inventory_file --list-hosts
2015-04-21 14:43:02,979 p=30139 u=ksingh |   
2015-04-21 14:43:11,495 p=30141 u=ksingh |   
2015-04-21 14:43:11,495 p=30141 u=ksingh |  /usr/local/bin/ansible-playbook setup.yml -i inventory_file
2015-04-21 14:43:11,495 p=30141 u=ksingh |   
2015-04-21 14:43:11,583 p=30141 u=ksingh |  PLAY [127.0.0.1] ************************************************************** 
2015-04-21 14:43:11,583 p=30141 u=ksingh |  TASK: [Creating directory for mounting HPSUM ISO] ***************************** 
2015-04-21 14:43:11,700 p=30141 u=ksingh |  failed: [127.0.0.1] => {"changed": true, "cmd": ["mkdir", "/mnt/HPSUM"], "delta": "0:00:00.003664", "end": "2015-04-21 14:43:11.691255", "rc": 1, "start": "2015-04-21 14:43:11.687591", "warnings": ["Consider using file module with state=directory rather than running mkdir"]}
2015-04-21 14:43:11,700 p=30141 u=ksingh |  stderr: mkdir: /mnt/HPSUM: File exists
2015-04-21 14:43:11,700 p=30141 u=ksingh |  ...ignoring
2015-04-21 14:43:11,701 p=30141 u=ksingh |  TASK: [Setting up loopback device] ******************************************** 
2015-04-21 14:43:11,820 p=30141 u=ksingh |  failed: [127.0.0.1] => {"cmd": "losetup -r /dev/loop1 /home/ksingh/media.iso", "failed": true, "rc": 2}
2015-04-21 14:43:11,820 p=30141 u=ksingh |  msg: [Errno 2] No such file or directory
2015-04-21 14:43:11,820 p=30141 u=ksingh |  ...ignoring
2015-04-21 14:43:11,821 p=30141 u=ksingh |  TASK: [Mounting HPSUM ISO as loopback device] ********************************* 
2015-04-21 14:43:11,922 p=30141 u=ksingh |  failed: [127.0.0.1] => {"changed": true, "cmd": ["mount", "/dev/loop1", "/mnt/HPSUM"], "delta": "0:00:00.004619", "end": "2015-04-21 14:43:11.914083", "rc": 1, "start": "2015-04-21 14:43:11.909464", "warnings": ["Consider using mount module rather than running mount"]}
2015-04-21 14:43:11,923 p=30141 u=ksingh |  stderr: mount: You must specify a filesystem type with -t.
2015-04-21 14:43:11,923 p=30141 u=ksingh |  ...ignoring
2015-04-21 14:43:11,923 p=30141 u=ksingh |  TASK: [Adding HPSUM baseline] ************************************************* 
2015-04-21 14:43:12,037 p=30141 u=ksingh |  failed: [127.0.0.1] => {"changed": true, "cmd": "cd /Volumes/SPPCUSTOM710/hp/swpackages; hpsum add --baselines /Volumes/SPPCUSTOM710/hp/swpackages", "delta": "0:00:00.005492", "end": "2015-04-21 14:43:12.024388", "rc": 127, "start": "2015-04-21 14:43:12.018896", "warnings": []}
2015-04-21 14:43:12,037 p=30141 u=ksingh |  stderr: /bin/sh: hpsum: command not found
2015-04-21 14:43:12,037 p=30141 u=ksingh |  ...ignoring
2015-04-21 14:43:12,038 p=30141 u=ksingh |  TASK: [Cleaning any open HPSUM instances] ************************************* 
2015-04-21 14:43:12,183 p=30141 u=ksingh |  failed: [127.0.0.1] => {"changed": true, "cmd": ["pkill", "-9", "hpsum"], "delta": "0:00:00.025025", "end": "2015-04-21 14:43:12.174074", "rc": 1, "start": "2015-04-21 14:43:12.149049", "warnings": []}
2015-04-21 14:43:12,183 p=30141 u=ksingh |  ...ignoring
2015-04-21 14:43:12,183 p=30141 u=ksingh |  TASK: [Adding node to HPSUM] ************************************************** 
2015-04-21 14:44:12,299 p=30141 u=ksingh |  changed: [127.0.0.1] => (item=pouta-s04)
2015-04-21 14:44:12,299 p=30141 u=ksingh |  TASK: [Waiting for HPSUM to release lock] ************************************* 
2015-04-21 14:45:12,395 p=30141 u=ksingh |  ok: [127.0.0.1 -> 127.0.0.1]
2015-04-21 14:45:12,396 p=30141 u=ksingh |  TASK: [Cleaning any open HPSUM instances] ************************************* 
2015-04-21 14:45:12,514 p=30141 u=ksingh |  failed: [127.0.0.1] => {"changed": true, "cmd": ["pkill", "-9", "hpsum"], "delta": "0:00:00.019571", "end": "2015-04-21 14:45:12.504760", "rc": 1, "start": "2015-04-21 14:45:12.485189", "warnings": []}
2015-04-21 14:45:12,515 p=30141 u=ksingh |  ...ignoring
2015-04-21 14:45:12,515 p=30141 u=ksingh |  PLAY [127.0.0.1] ************************************************************** 
2015-04-21 14:45:12,515 p=30141 u=ksingh |  TASK: [reporting | Cleaning any open HPSUM instances] ************************* 
2015-04-21 14:45:12,644 p=30141 u=ksingh |  failed: [127.0.0.1] => {"changed": true, "cmd": ["pkill", "-9", "hpsum"], "delta": "0:00:00.019595", "end": "2015-04-21 14:45:12.635428", "rc": 1, "start": "2015-04-21 14:45:12.615833", "warnings": []}
2015-04-21 14:45:12,644 p=30141 u=ksingh |  ...ignoring
2015-04-21 14:45:12,645 p=30141 u=ksingh |  TASK: [reporting | Performing inventory for nodes] **************************** 
2015-04-21 14:46:12,760 p=30141 u=ksingh |  changed: [127.0.0.1] => (item=pouta-s04)
2015-04-21 14:46:12,761 p=30141 u=ksingh |  TASK: [reporting | Waiting for HPSUM to release lock] ************************* 
2015-04-21 14:47:12,883 p=30141 u=ksingh |  ok: [127.0.0.1 -> 127.0.0.1]
2015-04-21 14:47:12,884 p=30141 u=ksingh |  TASK: [reporting | Cleaning any open HPSUM instances] ************************* 
2015-04-21 14:47:13,049 p=30141 u=ksingh |  failed: [127.0.0.1] => {"changed": true, "cmd": ["pkill", "-9", "hpsum"], "delta": "0:00:00.020431", "end": "2015-04-21 14:47:13.039243", "rc": 1, "start": "2015-04-21 14:47:13.018812", "warnings": []}
2015-04-21 14:47:13,050 p=30141 u=ksingh |  ...ignoring
2015-04-21 14:47:13,050 p=30141 u=ksingh |  TASK: [reporting | Generating system report for installed Firmwares] ********** 
2015-04-21 14:48:13,172 p=30141 u=ksingh |  changed: [127.0.0.1] => (item=pouta-s04)
2015-04-21 14:48:13,173 p=30141 u=ksingh |  PLAY RECAP ******************************************************************** 
2015-04-21 14:48:13,174 p=30141 u=ksingh |  127.0.0.1                  : ok=13   changed=10   unreachable=0    failed=0   
